<?xml version="1.0" encoding="UTF-8"?>
<!-- Generated by org.testng.reporters.JUnitReportReporter -->
<testsuite skipped="0" hostname="LAPTOP-N8ICA1Q5" name="com.tests.IndexPageTest" tests="2" failures="0" timestamp="20 Nov 2021 08:43:26 GMT" time="9.845" errors="0">
  <testcase name="verifyTitle" time="3.736" classname="com.tests.IndexPageTest"/>
  <testcase name="verifyLogo" time="6.109" classname="com.tests.IndexPageTest"/>
</testsuite> <!-- com.tests.IndexPageTest -->
