<?xml version="1.0" encoding="UTF-8"?>
<!-- Generated by org.testng.reporters.JUnitReportReporter -->
<testsuite skipped="0" hostname="LAPTOP-N8ICA1Q5" name="com.PageDistribution.tests.LoginPageTest" tests="1" failures="0" timestamp="20 Nov 2021 09:48:12 GMT" time="7.360" errors="0">
  <testcase name="navigateToHomePage" time="7.360" classname="com.PageDistribution.tests.LoginPageTest"/>
</testsuite> <!-- com.PageDistribution.tests.LoginPageTest -->
