<?xml version="1.0" encoding="UTF-8"?>
<!-- Generated by org.testng.reporters.JUnitReportReporter -->
<testsuite skipped="0" hostname="LAPTOP-N8ICA1Q5" name="com.PageDistribution.tests.HomePageTest" tests="1" failures="0" timestamp="20 Nov 2021 10:15:33 GMT" time="7.296" errors="0">
  <testcase name="checkURL" time="7.296" classname="com.PageDistribution.tests.HomePageTest"/>
</testsuite> <!-- com.PageDistribution.tests.HomePageTest -->
