<?xml version="1.0" encoding="UTF-8"?>
<!-- Generated by org.testng.reporters.JUnitReportReporter -->
<testsuite skipped="0" hostname="LAPTOP-N8ICA1Q5" name="com.PageDistribution.tests.RegistrationPageTest" tests="3" failures="0" timestamp="20 Nov 2021 10:21:28 GMT" time="33.718" errors="0">
  <testcase name="registrationPage" time="10.284" classname="com.PageDistribution.tests.RegistrationPageTest"/>
  <testcase name="registrationPage" time="14.522" classname="com.PageDistribution.tests.RegistrationPageTest"/>
  <testcase name="registrationPage" time="8.912" classname="com.PageDistribution.tests.RegistrationPageTest"/>
</testsuite> <!-- com.PageDistribution.tests.RegistrationPageTest -->
